<?xml version="1.0" encoding="UTF-8"?>
<!-- Generated by org.testng.reporters.JUnitReportReporter -->
<testsuite hostname="LAPTOP-0QJFP7EQ" failures="0" tests="2" name="production.OrganizationModuleTest" time="0.010" errors="0" timestamp="2022-07-14T15:54:07 IST" skipped="0">
  <testcase classname="production.OrganizationModuleTest" name="createContactTest" time="0.009"/>
  <system-out/>
  <testcase classname="production.OrganizationModuleTest" name="createOrganizationTest" time="0.001"/>
  <system-out/>
</testsuite> <!-- production.OrganizationModuleTest -->
